{"C:\\Users\\Patrick M\\Desktop\\learnExpress\\src\\index.js": {"path":"C:\\Users\\Patrick M\\Desktop\\learnExpress\\src\\index.js","statementMap":{"0":{"start":{"line":13,"column":0},"end":{"line":13,"column":35}},"1":{"start":{"line":16,"column":12},"end":{"line":16,"column":21}},"2":{"start":{"line":17,"column":0},"end":{"line":21,"column":2}},"3":{"start":{"line":22,"column":0},"end":{"line":49,"column":3}},"4":{"start":{"line":26,"column":18},"end":{"line":26,"column":29}},"5":{"start":{"line":27,"column":21},"end":{"line":31,"column":5}},"6":{"start":{"line":32,"column":4},"end":{"line":44,"column":8}},"7":{"start":{"line":34,"column":3},"end":{"line":43,"column":6}},"8":{"start":{"line":35,"column":5},"end":{"line":37,"column":6}},"9":{"start":{"line":36,"column":4},"end":{"line":36,"column":28}},"10":{"start":{"line":38,"column":5},"end":{"line":42,"column":6}},"11":{"start":{"line":39,"column":4},"end":{"line":39,"column":28}},"12":{"start":{"line":41,"column":4},"end":{"line":41,"column":29}},"13":{"start":{"line":46,"column":2},"end":{"line":48,"column":4}},"14":{"start":{"line":47,"column":3},"end":{"line":47,"column":37}},"15":{"start":{"line":51,"column":0},"end":{"line":51,"column":23}},"16":{"start":{"line":52,"column":0},"end":{"line":52,"column":36}},"17":{"start":{"line":53,"column":0},"end":{"line":53,"column":36}},"18":{"start":{"line":54,"column":0},"end":{"line":54,"column":33}},"19":{"start":{"line":55,"column":0},"end":{"line":55,"column":26}},"20":{"start":{"line":56,"column":0},"end":{"line":56,"column":36}}},"fnMap":{"0":{"name":"(anonymous_0)","decl":{"start":{"line":24,"column":7},"end":{"line":24,"column":8}},"loc":{"start":{"line":24,"column":13},"end":{"line":49,"column":2}},"line":24},"1":{"name":"(anonymous_1)","decl":{"start":{"line":32,"column":42},"end":{"line":32,"column":43}},"loc":{"start":{"line":32,"column":70},"end":{"line":44,"column":5}},"line":32},"2":{"name":"(anonymous_2)","decl":{"start":{"line":34,"column":44},"end":{"line":34,"column":45}},"loc":{"start":{"line":34,"column":64},"end":{"line":43,"column":4}},"line":34},"3":{"name":"(anonymous_3)","decl":{"start":{"line":46,"column":19},"end":{"line":46,"column":20}},"loc":{"start":{"line":46,"column":25},"end":{"line":48,"column":3}},"line":46}},"branchMap":{"0":{"loc":{"start":{"line":35,"column":5},"end":{"line":37,"column":6}},"type":"if","locations":[{"start":{"line":35,"column":5},"end":{"line":37,"column":6}},{"start":{},"end":{}}],"line":35},"1":{"loc":{"start":{"line":38,"column":5},"end":{"line":42,"column":6}},"type":"if","locations":[{"start":{"line":38,"column":5},"end":{"line":42,"column":6}},{"start":{"line":40,"column":12},"end":{"line":42,"column":6}}],"line":38}},"s":{"0":1,"1":1,"2":1,"3":1,"4":1,"5":1,"6":1,"7":0,"8":0,"9":0,"10":0,"11":0,"12":0,"13":1,"14":1,"15":1,"16":1,"17":1,"18":1,"19":1,"20":1},"f":{"0":1,"1":0,"2":0,"3":1},"b":{"0":[0,0],"1":[0,0]},"_coverageSchema":"1a1c01bbd47fc00a2c39e90264f33305004495a9","hash":"73b48a60c276b9e4b96af616f2f36ffc3e377dc9"}
,"C:\\Users\\Patrick M\\Desktop\\learnExpress\\src\\controllers\\blog.js": {"path":"C:\\Users\\Patrick M\\Desktop\\learnExpress\\src\\controllers\\blog.js","statementMap":{"0":{"start":{"line":5,"column":19},"end":{"line":18,"column":1}},"1":{"start":{"line":6,"column":4},"end":{"line":17,"column":5}},"2":{"start":{"line":7,"column":23},"end":{"line":7,"column":70}},"3":{"start":{"line":8,"column":24},"end":{"line":12,"column":10}},"4":{"start":{"line":13,"column":27},"end":{"line":13,"column":47}},"5":{"start":{"line":14,"column":8},"end":{"line":14,"column":41}},"6":{"start":{"line":16,"column":8},"end":{"line":16,"column":35}},"7":{"start":{"line":21,"column":20},"end":{"line":28,"column":1}},"8":{"start":{"line":22,"column":4},"end":{"line":27,"column":5}},"9":{"start":{"line":23,"column":21},"end":{"line":23,"column":63}},"10":{"start":{"line":24,"column":8},"end":{"line":24,"column":34}},"11":{"start":{"line":26,"column":8},"end":{"line":26,"column":35}},"12":{"start":{"line":32,"column":22},"end":{"line":42,"column":1}},"13":{"start":{"line":33,"column":17},"end":{"line":33,"column":27}},"14":{"start":{"line":34,"column":4},"end":{"line":36,"column":5}},"15":{"start":{"line":35,"column":8},"end":{"line":35,"column":69}},"16":{"start":{"line":37,"column":18},"end":{"line":37,"column":42}},"17":{"start":{"line":38,"column":4},"end":{"line":40,"column":5}},"18":{"start":{"line":39,"column":8},"end":{"line":39,"column":69}},"19":{"start":{"line":41,"column":4},"end":{"line":41,"column":31}},"20":{"start":{"line":44,"column":19},"end":{"line":55,"column":1}},"21":{"start":{"line":45,"column":4},"end":{"line":54,"column":5}},"22":{"start":{"line":46,"column":21},"end":{"line":46,"column":31}},"23":{"start":{"line":47,"column":8},"end":{"line":49,"column":9}},"24":{"start":{"line":48,"column":12},"end":{"line":48,"column":65}},"25":{"start":{"line":50,"column":21},"end":{"line":50,"column":59}},"26":{"start":{"line":51,"column":8},"end":{"line":51,"column":34}},"27":{"start":{"line":53,"column":8},"end":{"line":53,"column":27}},"28":{"start":{"line":56,"column":19},"end":{"line":72,"column":1}},"29":{"start":{"line":57,"column":17},"end":{"line":57,"column":27}},"30":{"start":{"line":58,"column":4},"end":{"line":60,"column":5}},"31":{"start":{"line":59,"column":8},"end":{"line":59,"column":61}},"32":{"start":{"line":61,"column":19},"end":{"line":61,"column":66}},"33":{"start":{"line":62,"column":20},"end":{"line":67,"column":6}},"34":{"start":{"line":68,"column":4},"end":{"line":70,"column":5}},"35":{"start":{"line":69,"column":8},"end":{"line":69,"column":61}},"36":{"start":{"line":71,"column":4},"end":{"line":71,"column":33}},"37":{"start":{"line":73,"column":24},"end":{"line":81,"column":5}},"38":{"start":{"line":74,"column":17},"end":{"line":78,"column":5}},"39":{"start":{"line":80,"column":4},"end":{"line":80,"column":36}}},"fnMap":{"0":{"name":"(anonymous_0)","decl":{"start":{"line":5,"column":19},"end":{"line":5,"column":20}},"loc":{"start":{"line":5,"column":36},"end":{"line":18,"column":1}},"line":5},"1":{"name":"(anonymous_1)","decl":{"start":{"line":21,"column":20},"end":{"line":21,"column":21}},"loc":{"start":{"line":21,"column":37},"end":{"line":28,"column":1}},"line":21},"2":{"name":"(anonymous_2)","decl":{"start":{"line":32,"column":22},"end":{"line":32,"column":23}},"loc":{"start":{"line":32,"column":39},"end":{"line":42,"column":1}},"line":32},"3":{"name":"(anonymous_3)","decl":{"start":{"line":44,"column":19},"end":{"line":44,"column":20}},"loc":{"start":{"line":44,"column":35},"end":{"line":55,"column":1}},"line":44},"4":{"name":"(anonymous_4)","decl":{"start":{"line":56,"column":19},"end":{"line":56,"column":20}},"loc":{"start":{"line":56,"column":36},"end":{"line":72,"column":1}},"line":56},"5":{"name":"(anonymous_5)","decl":{"start":{"line":73,"column":24},"end":{"line":73,"column":25}},"loc":{"start":{"line":73,"column":44},"end":{"line":81,"column":5}},"line":73}},"branchMap":{"0":{"loc":{"start":{"line":34,"column":4},"end":{"line":36,"column":5}},"type":"if","locations":[{"start":{"line":34,"column":4},"end":{"line":36,"column":5}},{"start":{},"end":{}}],"line":34},"1":{"loc":{"start":{"line":38,"column":4},"end":{"line":40,"column":5}},"type":"if","locations":[{"start":{"line":38,"column":4},"end":{"line":40,"column":5}},{"start":{},"end":{}}],"line":38},"2":{"loc":{"start":{"line":47,"column":8},"end":{"line":49,"column":9}},"type":"if","locations":[{"start":{"line":47,"column":8},"end":{"line":49,"column":9}},{"start":{},"end":{}}],"line":47},"3":{"loc":{"start":{"line":58,"column":4},"end":{"line":60,"column":5}},"type":"if","locations":[{"start":{"line":58,"column":4},"end":{"line":60,"column":5}},{"start":{},"end":{}}],"line":58},"4":{"loc":{"start":{"line":68,"column":4},"end":{"line":70,"column":5}},"type":"if","locations":[{"start":{"line":68,"column":4},"end":{"line":70,"column":5}},{"start":{},"end":{}}],"line":68}},"s":{"0":1,"1":0,"2":0,"3":0,"4":0,"5":0,"6":0,"7":1,"8":1,"9":1,"10":1,"11":0,"12":1,"13":1,"14":1,"15":0,"16":1,"17":1,"18":0,"19":1,"20":1,"21":1,"22":1,"23":1,"24":0,"25":1,"26":1,"27":0,"28":1,"29":0,"30":0,"31":0,"32":0,"33":0,"34":0,"35":0,"36":0,"37":1,"38":1,"39":1},"f":{"0":0,"1":1,"2":1,"3":1,"4":0,"5":1},"b":{"0":[0,1],"1":[0,1],"2":[0,1],"3":[0,0],"4":[0,0]},"_coverageSchema":"1a1c01bbd47fc00a2c39e90264f33305004495a9","hash":"60162d57a0ffa5c892da87e658bd0a6cd6e6c9ca"}
,"C:\\Users\\Patrick M\\Desktop\\learnExpress\\src\\controllers\\commentCont.js": {"path":"C:\\Users\\Patrick M\\Desktop\\learnExpress\\src\\controllers\\commentCont.js","statementMap":{"0":{"start":{"line":5,"column":26},"end":{"line":18,"column":3}},"1":{"start":{"line":8,"column":20},"end":{"line":15,"column":6}},"2":{"start":{"line":16,"column":4},"end":{"line":16,"column":25}},"3":{"start":{"line":17,"column":4},"end":{"line":17,"column":47}},"4":{"start":{"line":19,"column":35},"end":{"line":26,"column":4}},"5":{"start":{"line":21,"column":21},"end":{"line":22,"column":29}},"6":{"start":{"line":24,"column":4},"end":{"line":24,"column":41}},"7":{"start":{"line":28,"column":31},"end":{"line":35,"column":3}},"8":{"start":{"line":29,"column":4},"end":{"line":34,"column":5}},"9":{"start":{"line":30,"column":6},"end":{"line":30,"column":55}},"10":{"start":{"line":31,"column":6},"end":{"line":31,"column":72}},"11":{"start":{"line":33,"column":6},"end":{"line":33,"column":64}}},"fnMap":{"0":{"name":"(anonymous_0)","decl":{"start":{"line":5,"column":26},"end":{"line":5,"column":27}},"loc":{"start":{"line":5,"column":46},"end":{"line":18,"column":3}},"line":5},"1":{"name":"(anonymous_1)","decl":{"start":{"line":19,"column":35},"end":{"line":19,"column":36}},"loc":{"start":{"line":19,"column":53},"end":{"line":26,"column":4}},"line":19},"2":{"name":"(anonymous_2)","decl":{"start":{"line":28,"column":31},"end":{"line":28,"column":32}},"loc":{"start":{"line":28,"column":51},"end":{"line":35,"column":3}},"line":28}},"branchMap":{},"s":{"0":1,"1":0,"2":0,"3":0,"4":1,"5":0,"6":0,"7":1,"8":0,"9":0,"10":0,"11":0},"f":{"0":0,"1":0,"2":0},"b":{},"_coverageSchema":"1a1c01bbd47fc00a2c39e90264f33305004495a9","hash":"2f358d02c1cafbe809029bc289738f92b8846e64"}
,"C:\\Users\\Patrick M\\Desktop\\learnExpress\\src\\controllers\\loginController.js": {"path":"C:\\Users\\Patrick M\\Desktop\\learnExpress\\src\\controllers\\loginController.js","statementMap":{"0":{"start":{"line":5,"column":28},"end":{"line":23,"column":9}},"1":{"start":{"line":7,"column":8},"end":{"line":21,"column":9}},"2":{"start":{"line":8,"column":26},"end":{"line":8,"column":103}},"3":{"start":{"line":10,"column":8},"end":{"line":16,"column":9}},"4":{"start":{"line":11,"column":30},"end":{"line":11,"column":41}},"5":{"start":{"line":12,"column":26},"end":{"line":12,"column":111}},"6":{"start":{"line":13,"column":12},"end":{"line":13,"column":44}},"7":{"start":{"line":15,"column":9},"end":{"line":15,"column":66}},"8":{"start":{"line":20,"column":9},"end":{"line":20,"column":69}}},"fnMap":{"0":{"name":"(anonymous_0)","decl":{"start":{"line":5,"column":28},"end":{"line":5,"column":29}},"loc":{"start":{"line":5,"column":46},"end":{"line":23,"column":9}},"line":5}},"branchMap":{"0":{"loc":{"start":{"line":10,"column":8},"end":{"line":16,"column":9}},"type":"if","locations":[{"start":{"line":10,"column":8},"end":{"line":16,"column":9}},{"start":{"line":14,"column":13},"end":{"line":16,"column":9}}],"line":10}},"s":{"0":1,"1":0,"2":0,"3":0,"4":0,"5":0,"6":0,"7":0,"8":0},"f":{"0":0},"b":{"0":[0,0]},"_coverageSchema":"1a1c01bbd47fc00a2c39e90264f33305004495a9","hash":"f57e58a6cb28977efa1af0aff950a28724ef6741"}
,"C:\\Users\\Patrick M\\Desktop\\learnExpress\\src\\controllers\\query.js": {"path":"C:\\Users\\Patrick M\\Desktop\\learnExpress\\src\\controllers\\query.js","statementMap":{"0":{"start":{"line":3,"column":23},"end":{"line":10,"column":1}},"1":{"start":{"line":4,"column":4},"end":{"line":9,"column":5}},"2":{"start":{"line":5,"column":23},"end":{"line":5,"column":66}},"3":{"start":{"line":6,"column":8},"end":{"line":6,"column":37}},"4":{"start":{"line":8,"column":8},"end":{"line":8,"column":35}},"5":{"start":{"line":12,"column":19},"end":{"line":20,"column":1}},"6":{"start":{"line":13,"column":22},"end":{"line":17,"column":6}},"7":{"start":{"line":18,"column":19},"end":{"line":18,"column":41}},"8":{"start":{"line":19,"column":4},"end":{"line":19,"column":33}}},"fnMap":{"0":{"name":"(anonymous_0)","decl":{"start":{"line":3,"column":23},"end":{"line":3,"column":24}},"loc":{"start":{"line":3,"column":40},"end":{"line":10,"column":1}},"line":3},"1":{"name":"(anonymous_1)","decl":{"start":{"line":12,"column":19},"end":{"line":12,"column":20}},"loc":{"start":{"line":12,"column":36},"end":{"line":20,"column":1}},"line":12}},"branchMap":{},"s":{"0":1,"1":1,"2":1,"3":1,"4":0,"5":1,"6":1,"7":1,"8":1},"f":{"0":1,"1":1},"b":{},"_coverageSchema":"1a1c01bbd47fc00a2c39e90264f33305004495a9","hash":"043983961459035ed26e62115721f5ceecc570e6"}
,"C:\\Users\\Patrick M\\Desktop\\learnExpress\\src\\controllers\\userController.js": {"path":"C:\\Users\\Patrick M\\Desktop\\learnExpress\\src\\controllers\\userController.js","statementMap":{"0":{"start":{"line":2,"column":25},"end":{"line":23,"column":3}},"1":{"start":{"line":3,"column":22},"end":{"line":3,"column":73}},"2":{"start":{"line":14,"column":24},"end":{"line":19,"column":6}},"3":{"start":{"line":21,"column":4},"end":{"line":21,"column":29}},"4":{"start":{"line":22,"column":4},"end":{"line":22,"column":26}}},"fnMap":{"0":{"name":"(anonymous_0)","decl":{"start":{"line":2,"column":25},"end":{"line":2,"column":26}},"loc":{"start":{"line":2,"column":45},"end":{"line":23,"column":3}},"line":2}},"branchMap":{},"s":{"0":1,"1":1,"2":1,"3":1,"4":1},"f":{"0":1},"b":{},"_coverageSchema":"1a1c01bbd47fc00a2c39e90264f33305004495a9","hash":"0b26faec8884d5e76d6ed17490bee148d4c81efe"}
,"C:\\Users\\Patrick M\\Desktop\\learnExpress\\src\\middlewares\\validate.js": {"path":"C:\\Users\\Patrick M\\Desktop\\learnExpress\\src\\middlewares\\validate.js","statementMap":{"0":{"start":{"line":2,"column":24},"end":{"line":9,"column":1}},"1":{"start":{"line":2,"column":36},"end":{"line":9,"column":1}},"2":{"start":{"line":3,"column":20},"end":{"line":3,"column":45}},"3":{"start":{"line":4,"column":2},"end":{"line":8,"column":3}},"4":{"start":{"line":5,"column":4},"end":{"line":5,"column":64}},"5":{"start":{"line":7,"column":4},"end":{"line":7,"column":11}}},"fnMap":{"0":{"name":"(anonymous_0)","decl":{"start":{"line":2,"column":24},"end":{"line":2,"column":25}},"loc":{"start":{"line":2,"column":36},"end":{"line":9,"column":1}},"line":2},"1":{"name":"(anonymous_1)","decl":{"start":{"line":2,"column":36},"end":{"line":2,"column":37}},"loc":{"start":{"line":2,"column":56},"end":{"line":9,"column":1}},"line":2}},"branchMap":{"0":{"loc":{"start":{"line":4,"column":2},"end":{"line":8,"column":3}},"type":"if","locations":[{"start":{"line":4,"column":2},"end":{"line":8,"column":3}},{"start":{"line":6,"column":9},"end":{"line":8,"column":3}}],"line":4}},"s":{"0":1,"1":1,"2":0,"3":0,"4":0,"5":0},"f":{"0":1,"1":0},"b":{"0":[0,0]},"_coverageSchema":"1a1c01bbd47fc00a2c39e90264f33305004495a9","hash":"9a779020b0231f1871d100f54aff4f1f4727e644"}
,"C:\\Users\\Patrick M\\Desktop\\learnExpress\\src\\models\\Blog.js": {"path":"C:\\Users\\Patrick M\\Desktop\\learnExpress\\src\\models\\Blog.js","statementMap":{"0":{"start":{"line":3,"column":19},"end":{"line":12,"column":1}}},"fnMap":{},"branchMap":{},"s":{"0":1},"f":{},"b":{},"_coverageSchema":"1a1c01bbd47fc00a2c39e90264f33305004495a9","hash":"e32a28eaa1423f874fa56141ea489cdbb232a607"}
,"C:\\Users\\Patrick M\\Desktop\\learnExpress\\src\\models\\User.js": {"path":"C:\\Users\\Patrick M\\Desktop\\learnExpress\\src\\models\\User.js","statementMap":{"0":{"start":{"line":4,"column":17},"end":{"line":9,"column":4}},"1":{"start":{"line":11,"column":27},"end":{"line":11,"column":48}}},"fnMap":{},"branchMap":{},"s":{"0":1,"1":1},"f":{},"b":{},"_coverageSchema":"1a1c01bbd47fc00a2c39e90264f33305004495a9","hash":"a96485ca0f94d6a8cd5d48bf3bc0c54506b6ea6c"}
,"C:\\Users\\Patrick M\\Desktop\\learnExpress\\src\\models\\comment.js": {"path":"C:\\Users\\Patrick M\\Desktop\\learnExpress\\src\\models\\comment.js","statementMap":{"0":{"start":{"line":3,"column":23},"end":{"line":14,"column":1}}},"fnMap":{},"branchMap":{},"s":{"0":1},"f":{},"b":{},"_coverageSchema":"1a1c01bbd47fc00a2c39e90264f33305004495a9","hash":"00ca0d3d965b7a10aa5e84cb564587374c2b951d"}
,"C:\\Users\\Patrick M\\Desktop\\learnExpress\\src\\models\\queries.js": {"path":"C:\\Users\\Patrick M\\Desktop\\learnExpress\\src\\models\\queries.js","statementMap":{"0":{"start":{"line":3,"column":22},"end":{"line":11,"column":1}}},"fnMap":{},"branchMap":{},"s":{"0":1},"f":{},"b":{},"_coverageSchema":"1a1c01bbd47fc00a2c39e90264f33305004495a9","hash":"6036676abf485bf64bf19a9184663aae22bc4ca9"}
,"C:\\Users\\Patrick M\\Desktop\\learnExpress\\src\\routes\\blogRoutes.js": {"path":"C:\\Users\\Patrick M\\Desktop\\learnExpress\\src\\routes\\blogRoutes.js","statementMap":{"0":{"start":{"line":12,"column":15},"end":{"line":12,"column":23}},"1":{"start":{"line":16,"column":0},"end":{"line":16,"column":129}},"2":{"start":{"line":17,"column":0},"end":{"line":17,"column":45}},"3":{"start":{"line":19,"column":0},"end":{"line":19,"column":27}},"4":{"start":{"line":22,"column":0},"end":{"line":22,"column":32}},"5":{"start":{"line":25,"column":0},"end":{"line":25,"column":32}},"6":{"start":{"line":28,"column":0},"end":{"line":28,"column":52}},"7":{"start":{"line":30,"column":0},"end":{"line":30,"column":41}}},"fnMap":{},"branchMap":{},"s":{"0":1,"1":1,"2":1,"3":1,"4":1,"5":1,"6":1,"7":1},"f":{},"b":{},"_coverageSchema":"1a1c01bbd47fc00a2c39e90264f33305004495a9","hash":"154a04ddb2afdd3ac3e89987bc07e8ac45e82b42"}
,"C:\\Users\\Patrick M\\Desktop\\learnExpress\\src\\routes\\commentRoutes.js": {"path":"C:\\Users\\Patrick M\\Desktop\\learnExpress\\src\\routes\\commentRoutes.js","statementMap":{"0":{"start":{"line":6,"column":15},"end":{"line":6,"column":23}},"1":{"start":{"line":10,"column":0},"end":{"line":10,"column":40}},"2":{"start":{"line":12,"column":0},"end":{"line":12,"column":37}}},"fnMap":{},"branchMap":{},"s":{"0":1,"1":1,"2":1},"f":{},"b":{},"_coverageSchema":"1a1c01bbd47fc00a2c39e90264f33305004495a9","hash":"e34b5a800cbd13788ce24ab07990a975122b7955"}
,"C:\\Users\\Patrick M\\Desktop\\learnExpress\\src\\routes\\loginRoutes.js": {"path":"C:\\Users\\Patrick M\\Desktop\\learnExpress\\src\\routes\\loginRoutes.js","statementMap":{"0":{"start":{"line":2,"column":18},"end":{"line":2,"column":26}},"1":{"start":{"line":5,"column":0},"end":{"line":5,"column":37}}},"fnMap":{},"branchMap":{},"s":{"0":1,"1":1},"f":{},"b":{},"_coverageSchema":"1a1c01bbd47fc00a2c39e90264f33305004495a9","hash":"d56f73b8b5208c6b7c4e99477841ebdd7f84c2f9"}
,"C:\\Users\\Patrick M\\Desktop\\learnExpress\\src\\routes\\messageRoutes.js": {"path":"C:\\Users\\Patrick M\\Desktop\\learnExpress\\src\\routes\\messageRoutes.js","statementMap":{"0":{"start":{"line":4,"column":14},"end":{"line":4,"column":22}},"1":{"start":{"line":7,"column":0},"end":{"line":7,"column":35}},"2":{"start":{"line":8,"column":1},"end":{"line":8,"column":40}}},"fnMap":{},"branchMap":{},"s":{"0":1,"1":1,"2":1},"f":{},"b":{},"_coverageSchema":"1a1c01bbd47fc00a2c39e90264f33305004495a9","hash":"9d2c45590ad2759641fb70e6b778d49de76100b4"}
,"C:\\Users\\Patrick M\\Desktop\\learnExpress\\src\\routes\\userRoutes.js": {"path":"C:\\Users\\Patrick M\\Desktop\\learnExpress\\src\\routes\\userRoutes.js","statementMap":{"0":{"start":{"line":3,"column":18},"end":{"line":3,"column":26}},"1":{"start":{"line":6,"column":0},"end":{"line":6,"column":37}}},"fnMap":{},"branchMap":{},"s":{"0":1,"1":1},"f":{},"b":{},"_coverageSchema":"1a1c01bbd47fc00a2c39e90264f33305004495a9","hash":"2a763b8a7b6a7748ebe62ceaa806f9d1c45843f6"}
,"C:\\Users\\Patrick M\\Desktop\\learnExpress\\src\\utils\\cloudinary.js": {"path":"C:\\Users\\Patrick M\\Desktop\\learnExpress\\src\\utils\\cloudinary.js","statementMap":{"0":{"start":{"line":2,"column":0},"end":{"line":6,"column":5}}},"fnMap":{},"branchMap":{},"s":{"0":1},"f":{},"b":{},"_coverageSchema":"1a1c01bbd47fc00a2c39e90264f33305004495a9","hash":"4bc4a8ca22c23950abfd6bb282b6385767c610bd"}
,"C:\\Users\\Patrick M\\Desktop\\learnExpress\\src\\utils\\multer.js": {"path":"C:\\Users\\Patrick M\\Desktop\\learnExpress\\src\\utils\\multer.js","statementMap":{"0":{"start":{"line":6,"column":18},"end":{"line":6,"column":49}},"1":{"start":{"line":7,"column":8},"end":{"line":10,"column":9}},"2":{"start":{"line":8,"column":12},"end":{"line":8,"column":62}},"3":{"start":{"line":9,"column":12},"end":{"line":9,"column":19}},"4":{"start":{"line":11,"column":8},"end":{"line":11,"column":22}}},"fnMap":{"0":{"name":"(anonymous_0)","decl":{"start":{"line":5,"column":17},"end":{"line":5,"column":18}},"loc":{"start":{"line":5,"column":32},"end":{"line":12,"column":5}},"line":5}},"branchMap":{"0":{"loc":{"start":{"line":7,"column":8},"end":{"line":10,"column":9}},"type":"if","locations":[{"start":{"line":7,"column":8},"end":{"line":10,"column":9}},{"start":{},"end":{}}],"line":7},"1":{"loc":{"start":{"line":7,"column":11},"end":{"line":7,"column":62}},"type":"binary-expr","locations":[{"start":{"line":7,"column":11},"end":{"line":7,"column":25}},{"start":{"line":7,"column":29},"end":{"line":7,"column":43}},{"start":{"line":7,"column":47},"end":{"line":7,"column":62}}],"line":7}},"s":{"0":0,"1":0,"2":0,"3":0,"4":0},"f":{"0":0},"b":{"0":[0,0],"1":[0,0,0]},"_coverageSchema":"1a1c01bbd47fc00a2c39e90264f33305004495a9","hash":"d70d991b396d1810f571c20f1c4be76410427018"}
,"C:\\Users\\Patrick M\\Desktop\\learnExpress\\src\\validations\\blogValidate.js": {"path":"C:\\Users\\Patrick M\\Desktop\\learnExpress\\src\\validations\\blogValidate.js","statementMap":{"0":{"start":{"line":3,"column":29},"end":{"line":6,"column":2}}},"fnMap":{},"branchMap":{},"s":{"0":1},"f":{},"b":{},"_coverageSchema":"1a1c01bbd47fc00a2c39e90264f33305004495a9","hash":"ab58ddb806d7df19c261d744e757c28bcd53fd6b"}
}
